[13:00:02] [main/INFO]: Setting user: Player383
[13:00:04] [Client thread/INFO]: LWJGL Version: 2.9.1
[13:00:05] [Client thread/ERROR]: Couldn't initialize twitch stream
[13:00:10] [Client thread/INFO]: Reloading ResourceManager: Default, FMLFileResourcePack:Forge Mod Loader, FMLFileResourcePack:Minecraft Forge, FMLFileResourcePack:Terrific Tools
[13:00:11] [Sound Library Loader/INFO]: Sound engine started
[13:00:14] [Client thread/INFO]: Created: 512x256 textures/blocks-atlas
[13:00:14] [Client thread/ERROR]: Using missing texture, unable to load minecraft:textures/items/MISSING_ICON_ITEM_4097_TestItem.png
java.io.FileNotFoundException: minecraft:textures/items/MISSING_ICON_ITEM_4097_TestItem.png
	at net.minecraft.client.resources.FallbackResourceManager.getResource(FallbackResourceManager.java:65) ~[FallbackResourceManager.class:?]
	at net.minecraft.client.resources.SimpleReloadableResourceManager.getResource(SimpleReloadableResourceManager.java:67) ~[SimpleReloadableResourceManager.class:?]
	at net.minecraft.client.renderer.texture.TextureMap.loadTextureAtlas(TextureMap.java:126) [TextureMap.class:?]
	at net.minecraft.client.renderer.texture.TextureMap.loadTexture(TextureMap.java:91) [TextureMap.class:?]
	at net.minecraft.client.renderer.texture.TextureManager.loadTexture(TextureManager.java:89) [TextureManager.class:?]
	at net.minecraft.client.renderer.texture.TextureManager.loadTickableTexture(TextureManager.java:71) [TextureManager.class:?]
	at net.minecraft.client.renderer.texture.TextureManager.loadTextureMap(TextureManager.java:58) [TextureManager.class:?]
	at net.minecraft.client.Minecraft.startGame(Minecraft.java:583) [Minecraft.class:?]
	at net.minecraft.client.Minecraft.run(Minecraft.java:931) [Minecraft.class:?]
	at net.minecraft.client.main.Main.main(Main.java:164) [Main.class:?]
	at sun.reflect.NativeMethodAccessorImpl.invoke0(Native Method) ~[?:1.8.0_40]
	at sun.reflect.NativeMethodAccessorImpl.invoke(Unknown Source) ~[?:1.8.0_40]
	at sun.reflect.DelegatingMethodAccessorImpl.invoke(Unknown Source) ~[?:1.8.0_40]
	at java.lang.reflect.Method.invoke(Unknown Source) ~[?:1.8.0_40]
	at net.minecraft.launchwrapper.Launch.launch(Launch.java:135) [launchwrapper-1.11.jar:?]
	at net.minecraft.launchwrapper.Launch.main(Launch.java:28) [launchwrapper-1.11.jar:?]
	at net.minecraftforge.gradle.GradleStartCommon.launch(GradleStartCommon.java:85) [start/:?]
	at GradleStart.main(GradleStart.java:45) [start/:?]
[13:00:15] [Client thread/INFO]: Created: 256x256 textures/items-atlas
[13:00:15] [Client thread/INFO]: Reloading ResourceManager: Default, FMLFileResourcePack:Forge Mod Loader, FMLFileResourcePack:Minecraft Forge, FMLFileResourcePack:Terrific Tools
[13:00:16] [Client thread/INFO]: Created: 512x256 textures/blocks-atlas
[13:00:16] [Client thread/ERROR]: Using missing texture, unable to load minecraft:textures/items/MISSING_ICON_ITEM_4097_TestItem.png
java.io.FileNotFoundException: minecraft:textures/items/MISSING_ICON_ITEM_4097_TestItem.png
	at net.minecraft.client.resources.FallbackResourceManager.getResource(FallbackResourceManager.java:65) ~[FallbackResourceManager.class:?]
	at net.minecraft.client.resources.SimpleReloadableResourceManager.getResource(SimpleReloadableResourceManager.java:67) ~[SimpleReloadableResourceManager.class:?]
	at net.minecraft.client.renderer.texture.TextureMap.loadTextureAtlas(TextureMap.java:126) [TextureMap.class:?]
	at net.minecraft.client.renderer.texture.TextureMap.loadTexture(TextureMap.java:91) [TextureMap.class:?]
	at net.minecraft.client.renderer.texture.TextureManager.loadTexture(TextureManager.java:89) [TextureManager.class:?]
	at net.minecraft.client.renderer.texture.TextureManager.onResourceManagerReload(TextureManager.java:170) [TextureManager.class:?]
	at net.minecraft.client.resources.SimpleReloadableResourceManager.notifyReloadListeners(SimpleReloadableResourceManager.java:134) [SimpleReloadableResourceManager.class:?]
	at net.minecraft.client.resources.SimpleReloadableResourceManager.reloadResources(SimpleReloadableResourceManager.java:118) [SimpleReloadableResourceManager.class:?]
	at net.minecraft.client.Minecraft.refreshResources(Minecraft.java:643) [Minecraft.class:?]
	at cpw.mods.fml.client.FMLClientHandler.finishMinecraftLoading(FMLClientHandler.java:303) [FMLClientHandler.class:?]
	at net.minecraft.client.Minecraft.startGame(Minecraft.java:586) [Minecraft.class:?]
	at net.minecraft.client.Minecraft.run(Minecraft.java:931) [Minecraft.class:?]
	at net.minecraft.client.main.Main.main(Main.java:164) [Main.class:?]
	at sun.reflect.NativeMethodAccessorImpl.invoke0(Native Method) ~[?:1.8.0_40]
	at sun.reflect.NativeMethodAccessorImpl.invoke(Unknown Source) ~[?:1.8.0_40]
	at sun.reflect.DelegatingMethodAccessorImpl.invoke(Unknown Source) ~[?:1.8.0_40]
	at java.lang.reflect.Method.invoke(Unknown Source) ~[?:1.8.0_40]
	at net.minecraft.launchwrapper.Launch.launch(Launch.java:135) [launchwrapper-1.11.jar:?]
	at net.minecraft.launchwrapper.Launch.main(Launch.java:28) [launchwrapper-1.11.jar:?]
	at net.minecraftforge.gradle.GradleStartCommon.launch(GradleStartCommon.java:85) [start/:?]
	at GradleStart.main(GradleStart.java:45) [start/:?]
[13:00:16] [Client thread/INFO]: Created: 256x256 textures/items-atlas
[13:00:17] [Sound Library Loader/INFO]: Sound engine started
[13:00:31] [Server thread/INFO]: Starting integrated minecraft server version 1.7.10
[13:00:31] [Server thread/INFO]: Generating keypair
[13:00:32] [Server thread/INFO]: Preparing start region for level 0
[13:00:33] [Server thread/INFO]: Preparing spawn area: 33%
[13:00:34] [Server thread/INFO]: Preparing spawn area: 88%
[13:00:34] [Server thread/INFO]: Changing view distance to 8, from 10
[13:00:35] [Server thread/INFO]: Player383[local:E:9f103284] logged in with entity id 445 at (232.12494824788212, 84.76088511220254, 271.0028777820499)
[13:00:35] [Server thread/INFO]: Player383 joined the game
[13:13:54] [Server thread/INFO]: [Player383: Set the time to 1000]
[13:13:54] [Client thread/INFO]: [CHAT] Set the time to 1000
[13:14:00] [Server thread/INFO]: [Player383: Toggled downfall]
[13:14:00] [Client thread/INFO]: [CHAT] Toggled downfall
[13:14:08] [Client thread/INFO]: [CHAT] commandBlockOutput, doDaylightCycle, doFireTick, doMobLoot, doMobSpawning, doTileDrops, keepInventory, mobGriefing, naturalRegeneration
[13:14:10] [Client thread/INFO]: [CHAT] commandBlockOutput, doDaylightCycle, doFireTick, doMobLoot, doMobSpawning, doTileDrops, keepInventory, mobGriefing, naturalRegeneration
[13:14:11] [Client thread/INFO]: [CHAT] commandBlockOutput, doDaylightCycle, doFireTick, doMobLoot, doMobSpawning, doTileDrops, keepInventory, mobGriefing, naturalRegeneration
[13:14:12] [Client thread/INFO]: [CHAT] commandBlockOutput, doDaylightCycle, doFireTick, doMobLoot, doMobSpawning, doTileDrops, keepInventory, mobGriefing, naturalRegeneration
[13:14:13] [Client thread/INFO]: [CHAT] commandBlockOutput, doDaylightCycle, doFireTick, doMobLoot, doMobSpawning, doTileDrops, keepInventory, mobGriefing, naturalRegeneration
[13:14:13] [Client thread/INFO]: [CHAT] commandBlockOutput, doDaylightCycle, doFireTick, doMobLoot, doMobSpawning, doTileDrops, keepInventory, mobGriefing, naturalRegeneration
[13:14:13] [Client thread/INFO]: [CHAT] commandBlockOutput, doDaylightCycle, doFireTick, doMobLoot, doMobSpawning, doTileDrops, keepInventory, mobGriefing, naturalRegeneration
[13:14:13] [Client thread/INFO]: [CHAT] commandBlockOutput, doDaylightCycle, doFireTick, doMobLoot, doMobSpawning, doTileDrops, keepInventory, mobGriefing, naturalRegeneration
[13:14:14] [Client thread/INFO]: [CHAT] commandBlockOutput, doDaylightCycle, doFireTick, doMobLoot, doMobSpawning, doTileDrops, keepInventory, mobGriefing, naturalRegeneration
[13:14:14] [Client thread/INFO]: [CHAT] commandBlockOutput, doDaylightCycle, doFireTick, doMobLoot, doMobSpawning, doTileDrops, keepInventory, mobGriefing, naturalRegeneration
[13:14:15] [Client thread/INFO]: [CHAT] commandBlockOutput, doDaylightCycle, doFireTick, doMobLoot, doMobSpawning, doTileDrops, keepInventory, mobGriefing, naturalRegeneration
[13:14:18] [Server thread/INFO]: [Player383: Game rule has been updated]
[13:14:18] [Client thread/INFO]: [CHAT] Game rule has been updated
[13:14:28] [Server thread/INFO]: [Player383: Set own game mode to Creative Mode]
[13:14:28] [Client thread/INFO]: [CHAT] Your game mode has been updated
[13:14:29] [Server thread/INFO]: Saving and pausing game...
[13:14:29] [Server thread/INFO]: Saving chunks for level 'test World'/Overworld
[13:14:29] [Server thread/INFO]: Saving chunks for level 'test World'/Nether
[13:14:29] [Server thread/INFO]: Saving chunks for level 'test World'/The End
[13:14:29] [Server thread/INFO]: Stopping server
[13:14:29] [Server thread/INFO]: Saving players
[13:14:29] [Server thread/INFO]: Saving worlds
[13:14:29] [Server thread/INFO]: Saving chunks for level 'test World'/Overworld
[13:14:29] [Server thread/INFO]: Saving chunks for level 'test World'/Nether
[13:14:29] [Server thread/INFO]: Saving chunks for level 'test World'/The End
[13:31:22] [main/INFO]: Setting user: Player14
[13:31:24] [Client thread/INFO]: LWJGL Version: 2.9.1
[13:31:25] [Client thread/ERROR]: Couldn't initialize twitch stream
[13:31:32] [Client thread/INFO]: Reloading ResourceManager: Default, FMLFileResourcePack:Forge Mod Loader, FMLFileResourcePack:Minecraft Forge, FMLFileResourcePack:Terrific Tools
[13:31:33] [Sound Library Loader/INFO]: Sound engine started
[13:31:37] [Client thread/INFO]: Created: 512x256 textures/blocks-atlas
[13:31:37] [Client thread/ERROR]: Using missing texture, unable to load minecraft:textures/items/MISSING_ICON_ITEM_4097_TestItem.png
java.io.FileNotFoundException: minecraft:textures/items/MISSING_ICON_ITEM_4097_TestItem.png
	at net.minecraft.client.resources.FallbackResourceManager.getResource(FallbackResourceManager.java:65) ~[FallbackResourceManager.class:?]
	at net.minecraft.client.resources.SimpleReloadableResourceManager.getResource(SimpleReloadableResourceManager.java:67) ~[SimpleReloadableResourceManager.class:?]
	at net.minecraft.client.renderer.texture.TextureMap.loadTextureAtlas(TextureMap.java:126) [TextureMap.class:?]
	at net.minecraft.client.renderer.texture.TextureMap.loadTexture(TextureMap.java:91) [TextureMap.class:?]
	at net.minecraft.client.renderer.texture.TextureManager.loadTexture(TextureManager.java:89) [TextureManager.class:?]
	at net.minecraft.client.renderer.texture.TextureManager.loadTickableTexture(TextureManager.java:71) [TextureManager.class:?]
	at net.minecraft.client.renderer.texture.TextureManager.loadTextureMap(TextureManager.java:58) [TextureManager.class:?]
	at net.minecraft.client.Minecraft.startGame(Minecraft.java:583) [Minecraft.class:?]
	at net.minecraft.client.Minecraft.run(Minecraft.java:931) [Minecraft.class:?]
	at net.minecraft.client.main.Main.main(Main.java:164) [Main.class:?]
	at sun.reflect.NativeMethodAccessorImpl.invoke0(Native Method) ~[?:1.8.0_40]
	at sun.reflect.NativeMethodAccessorImpl.invoke(Unknown Source) ~[?:1.8.0_40]
	at sun.reflect.DelegatingMethodAccessorImpl.invoke(Unknown Source) ~[?:1.8.0_40]
	at java.lang.reflect.Method.invoke(Unknown Source) ~[?:1.8.0_40]
	at net.minecraft.launchwrapper.Launch.launch(Launch.java:135) [launchwrapper-1.11.jar:?]
	at net.minecraft.launchwrapper.Launch.main(Launch.java:28) [launchwrapper-1.11.jar:?]
	at net.minecraftforge.gradle.GradleStartCommon.launch(GradleStartCommon.java:85) [start/:?]
	at GradleStart.main(GradleStart.java:45) [start/:?]
[13:31:37] [Client thread/INFO]: Created: 256x256 textures/items-atlas
[13:31:38] [Client thread/INFO]: Reloading ResourceManager: Default, FMLFileResourcePack:Forge Mod Loader, FMLFileResourcePack:Minecraft Forge, FMLFileResourcePack:Terrific Tools
[13:31:39] [Client thread/INFO]: Created: 512x256 textures/blocks-atlas
[13:31:39] [Client thread/ERROR]: Using missing texture, unable to load minecraft:textures/items/MISSING_ICON_ITEM_4097_TestItem.png
java.io.FileNotFoundException: minecraft:textures/items/MISSING_ICON_ITEM_4097_TestItem.png
	at net.minecraft.client.resources.FallbackResourceManager.getResource(FallbackResourceManager.java:65) ~[FallbackResourceManager.class:?]
	at net.minecraft.client.resources.SimpleReloadableResourceManager.getResource(SimpleReloadableResourceManager.java:67) ~[SimpleReloadableResourceManager.class:?]
	at net.minecraft.client.renderer.texture.TextureMap.loadTextureAtlas(TextureMap.java:126) [TextureMap.class:?]
	at net.minecraft.client.renderer.texture.TextureMap.loadTexture(TextureMap.java:91) [TextureMap.class:?]
	at net.minecraft.client.renderer.texture.TextureManager.loadTexture(TextureManager.java:89) [TextureManager.class:?]
	at net.minecraft.client.renderer.texture.TextureManager.onResourceManagerReload(TextureManager.java:170) [TextureManager.class:?]
	at net.minecraft.client.resources.SimpleReloadableResourceManager.notifyReloadListeners(SimpleReloadableResourceManager.java:134) [SimpleReloadableResourceManager.class:?]
	at net.minecraft.client.resources.SimpleReloadableResourceManager.reloadResources(SimpleReloadableResourceManager.java:118) [SimpleReloadableResourceManager.class:?]
	at net.minecraft.client.Minecraft.refreshResources(Minecraft.java:643) [Minecraft.class:?]
	at cpw.mods.fml.client.FMLClientHandler.finishMinecraftLoading(FMLClientHandler.java:303) [FMLClientHandler.class:?]
	at net.minecraft.client.Minecraft.startGame(Minecraft.java:586) [Minecraft.class:?]
	at net.minecraft.client.Minecraft.run(Minecraft.java:931) [Minecraft.class:?]
	at net.minecraft.client.main.Main.main(Main.java:164) [Main.class:?]
	at sun.reflect.NativeMethodAccessorImpl.invoke0(Native Method) ~[?:1.8.0_40]
	at sun.reflect.NativeMethodAccessorImpl.invoke(Unknown Source) ~[?:1.8.0_40]
	at sun.reflect.DelegatingMethodAccessorImpl.invoke(Unknown Source) ~[?:1.8.0_40]
	at java.lang.reflect.Method.invoke(Unknown Source) ~[?:1.8.0_40]
	at net.minecraft.launchwrapper.Launch.launch(Launch.java:135) [launchwrapper-1.11.jar:?]
	at net.minecraft.launchwrapper.Launch.main(Launch.java:28) [launchwrapper-1.11.jar:?]
	at net.minecraftforge.gradle.GradleStartCommon.launch(GradleStartCommon.java:85) [start/:?]
	at GradleStart.main(GradleStart.java:45) [start/:?]
[13:31:39] [Client thread/INFO]: Created: 256x256 textures/items-atlas
[13:31:40] [Sound Library Loader/INFO]: Sound engine started
[13:31:49] [Server thread/INFO]: Starting integrated minecraft server version 1.7.10
[13:31:49] [Server thread/INFO]: Generating keypair
[13:31:50] [Server thread/INFO]: Preparing start region for level 0
[13:31:52] [Server thread/INFO]: Preparing spawn area: 23%
[13:31:53] [Server thread/INFO]: Preparing spawn area: 70%
[13:31:54] [Server thread/INFO]: Changing view distance to 8, from 10
[13:31:54] [Server thread/INFO]: Player14[local:E:1505d066] logged in with entity id 434 at (237.17455592475847, 80.0, 267.4555926963294)
[13:31:54] [Server thread/INFO]: Player14 joined the game
[13:31:56] [pool-2-thread-1/WARN]: Couldn't look up profile properties for com.mojang.authlib.GameProfile@4aecfb[id=9a9311e6-0e2a-3db9-849c-c74b23116910,name=Player14,properties={},legacy=false]
com.mojang.authlib.exceptions.AuthenticationUnavailableException: Cannot contact authentication server
	at com.mojang.authlib.yggdrasil.YggdrasilAuthenticationService.makeRequest(YggdrasilAuthenticationService.java:71) ~[YggdrasilAuthenticationService.class:?]
	at com.mojang.authlib.yggdrasil.YggdrasilMinecraftSessionService.fillGameProfile(YggdrasilMinecraftSessionService.java:158) [YggdrasilMinecraftSessionService.class:?]
	at com.mojang.authlib.yggdrasil.YggdrasilMinecraftSessionService$1.load(YggdrasilMinecraftSessionService.java:53) [YggdrasilMinecraftSessionService$1.class:?]
	at com.mojang.authlib.yggdrasil.YggdrasilMinecraftSessionService$1.load(YggdrasilMinecraftSessionService.java:50) [YggdrasilMinecraftSessionService$1.class:?]
	at com.google.common.cache.LocalCache$LoadingValueReference.loadFuture(LocalCache.java:3524) [guava-17.0.jar:?]
	at com.google.common.cache.LocalCache$Segment.loadSync(LocalCache.java:2317) [guava-17.0.jar:?]
	at com.google.common.cache.LocalCache$Segment.lockedGetOrLoad(LocalCache.java:2280) [guava-17.0.jar:?]
	at com.google.common.cache.LocalCache$Segment.get(LocalCache.java:2195) [guava-17.0.jar:?]
	at com.google.common.cache.LocalCache.get(LocalCache.java:3934) [guava-17.0.jar:?]
	at com.google.common.cache.LocalCache.getOrLoad(LocalCache.java:3938) [guava-17.0.jar:?]
	at com.google.common.cache.LocalCache$LocalLoadingCache.get(LocalCache.java:4821) [guava-17.0.jar:?]
	at com.google.common.cache.LocalCache$LocalLoadingCache.getUnchecked(LocalCache.java:4827) [guava-17.0.jar:?]
	at com.mojang.authlib.yggdrasil.YggdrasilMinecraftSessionService.fillProfileProperties(YggdrasilMinecraftSessionService.java:148) [YggdrasilMinecraftSessionService.class:?]
	at net.minecraft.client.resources.SkinManager$3.run(SkinManager.java:133) [SkinManager$3.class:?]
	at java.util.concurrent.Executors$RunnableAdapter.call(Unknown Source) [?:1.8.0_40]
	at java.util.concurrent.FutureTask.run(Unknown Source) [?:1.8.0_40]
	at java.util.concurrent.ThreadPoolExecutor.runWorker(Unknown Source) [?:1.8.0_40]
	at java.util.concurrent.ThreadPoolExecutor$Worker.run(Unknown Source) [?:1.8.0_40]
	at java.lang.Thread.run(Unknown Source) [?:1.8.0_40]
Caused by: javax.net.ssl.SSLProtocolException: handshake alert:  unrecognized_name
	at sun.security.ssl.ClientHandshaker.handshakeAlert(Unknown Source) ~[?:1.8.0_40]
	at sun.security.ssl.SSLSocketImpl.recvAlert(Unknown Source) ~[?:1.8.0_40]
	at sun.security.ssl.SSLSocketImpl.readRecord(Unknown Source) ~[?:1.8.0_40]
	at sun.security.ssl.SSLSocketImpl.performInitialHandshake(Unknown Source) ~[?:1.8.0_40]
	at sun.security.ssl.SSLSocketImpl.startHandshake(Unknown Source) ~[?:1.8.0_40]
	at sun.security.ssl.SSLSocketImpl.startHandshake(Unknown Source) ~[?:1.8.0_40]
	at sun.net.www.protocol.https.HttpsClient.afterConnect(Unknown Source) ~[?:1.8.0_40]
	at sun.net.www.protocol.https.AbstractDelegateHttpsURLConnection.connect(Unknown Source) ~[?:1.8.0_40]
	at sun.net.www.protocol.http.HttpURLConnection.getInputStream0(Unknown Source) ~[?:1.8.0_40]
	at sun.net.www.protocol.http.HttpURLConnection.access$200(Unknown Source) ~[?:1.8.0_40]
	at sun.net.www.protocol.http.HttpURLConnection$9.run(Unknown Source) ~[?:1.8.0_40]
	at sun.net.www.protocol.http.HttpURLConnection$9.run(Unknown Source) ~[?:1.8.0_40]
	at java.security.AccessController.doPrivileged(Native Method) ~[?:1.8.0_40]
	at java.security.AccessController.doPrivileged(Unknown Source) ~[?:1.8.0_40]
	at sun.net.www.protocol.http.HttpURLConnection.getInputStream(Unknown Source) ~[?:1.8.0_40]
	at sun.net.www.protocol.https.HttpsURLConnectionImpl.getInputStream(Unknown Source) ~[?:1.8.0_40]
	at com.mojang.authlib.HttpAuthenticationService.performGetRequest(HttpAuthenticationService.java:126) ~[HttpAuthenticationService.class:?]
	at com.mojang.authlib.yggdrasil.YggdrasilAuthenticationService.makeRequest(YggdrasilAuthenticationService.java:54) ~[YggdrasilAuthenticationService.class:?]
	... 18 more
[13:31:59] [Server thread/INFO]: Player14 has just earned the achievement [Taking Inventory]
[13:31:59] [Client thread/INFO]: [CHAT] Player14 has just earned the achievement [Taking Inventory]
[13:33:05] [Server thread/INFO]: [Player14: Given [Explosive Bow] * 1 to Player14]
[13:33:05] [Client thread/INFO]: [CHAT] Given [Explosive Bow] * 1 to Player14
[13:36:26] [Server thread/INFO]: [Player14: Set the time to 1000]
[13:36:26] [Client thread/INFO]: [CHAT] Set the time to 1000
[13:36:30] [Server thread/INFO]: [Player14: Toggled downfall]
[13:36:30] [Client thread/INFO]: [CHAT] Toggled downfall
[13:36:43] [Client thread/INFO]: [CHAT] doDaylightCycle, doFireTick, doMobLoot, doMobSpawning, doTileDrops
[13:36:48] [Server thread/INFO]: [Player14: Game rule has been updated]
[13:36:48] [Client thread/INFO]: [CHAT] Game rule has been updated
[13:39:47] [Server thread/INFO]: [Player14: Set own game mode to Survival Mode]
[13:39:47] [Client thread/INFO]: [CHAT] Your game mode has been updated
[13:40:14] [Server thread/INFO]: [Player14: Set own game mode to Creative Mode]
[13:40:14] [Client thread/INFO]: [CHAT] Your game mode has been updated
[13:40:48] [Server thread/INFO]: [Player14: Set own game mode to Survival Mode]
[13:40:48] [Client thread/INFO]: [CHAT] Your game mode has been updated
[13:41:00] [Server thread/INFO]: Player14 was blown up by Creeper
[13:41:00] [Client thread/INFO]: [CHAT] Player14 was blown up by Creeper
[13:41:12] [Server thread/INFO]: [Player14: Given [item.TestItem.name] * 1 to Player14]
[13:41:12] [Client thread/INFO]: [CHAT] Given [item.TestItem.name] * 1 to Player14
[13:41:40] [Server thread/INFO]: [Player14: Set own game mode to Creative Mode]
[13:41:40] [Client thread/INFO]: [CHAT] Your game mode has been updated
[13:41:41] [Server thread/INFO]: Saving and pausing game...
[13:41:41] [Server thread/INFO]: Saving chunks for level 'test World'/Overworld
[13:41:42] [Server thread/INFO]: Saving chunks for level 'test World'/Nether
[13:41:42] [Server thread/INFO]: Saving chunks for level 'test World'/The End
[13:45:06] [Server thread/INFO]: Saving and pausing game...
[13:45:06] [Server thread/INFO]: Saving chunks for level 'test World'/Overworld
[13:45:06] [Server thread/INFO]: Saving chunks for level 'test World'/Nether
[13:45:06] [Server thread/INFO]: Saving chunks for level 'test World'/The End
[13:45:07] [Server thread/INFO]: Stopping server
[13:45:07] [Server thread/INFO]: Saving players
[13:45:07] [Server thread/INFO]: Saving worlds
[13:45:07] [Server thread/INFO]: Saving chunks for level 'test World'/Overworld
[13:45:07] [Server thread/INFO]: Saving chunks for level 'test World'/Nether
[13:45:07] [Server thread/INFO]: Saving chunks for level 'test World'/The End
[13:45:09] [Client thread/INFO]: Stopping!
[13:47:34] [main/INFO]: Setting user: Player743
[13:47:36] [Client thread/INFO]: LWJGL Version: 2.9.1
[13:47:37] [Client thread/ERROR]: Couldn't initialize twitch stream
[13:47:42] [Client thread/INFO]: Reloading ResourceManager: Default, FMLFileResourcePack:Forge Mod Loader, FMLFileResourcePack:Minecraft Forge, FMLFileResourcePack:Terrific Tools
[13:47:43] [Sound Library Loader/INFO]: Sound engine started
[13:47:47] [Client thread/INFO]: Created: 512x256 textures/blocks-atlas
[13:47:48] [Client thread/ERROR]: Using missing texture, unable to load minecraft:textures/items/MISSING_ICON_ITEM_4097_TestItem.png
java.io.FileNotFoundException: minecraft:textures/items/MISSING_ICON_ITEM_4097_TestItem.png
	at net.minecraft.client.resources.FallbackResourceManager.getResource(FallbackResourceManager.java:65) ~[FallbackResourceManager.class:?]
	at net.minecraft.client.resources.SimpleReloadableResourceManager.getResource(SimpleReloadableResourceManager.java:67) ~[SimpleReloadableResourceManager.class:?]
	at net.minecraft.client.renderer.texture.TextureMap.loadTextureAtlas(TextureMap.java:126) [TextureMap.class:?]
	at net.minecraft.client.renderer.texture.TextureMap.loadTexture(TextureMap.java:91) [TextureMap.class:?]
	at net.minecraft.client.renderer.texture.TextureManager.loadTexture(TextureManager.java:89) [TextureManager.class:?]
	at net.minecraft.client.renderer.texture.TextureManager.loadTickableTexture(TextureManager.java:71) [TextureManager.class:?]
	at net.minecraft.client.renderer.texture.TextureManager.loadTextureMap(TextureManager.java:58) [TextureManager.class:?]
	at net.minecraft.client.Minecraft.startGame(Minecraft.java:583) [Minecraft.class:?]
	at net.minecraft.client.Minecraft.run(Minecraft.java:931) [Minecraft.class:?]
	at net.minecraft.client.main.Main.main(Main.java:164) [Main.class:?]
	at sun.reflect.NativeMethodAccessorImpl.invoke0(Native Method) ~[?:1.8.0_40]
	at sun.reflect.NativeMethodAccessorImpl.invoke(Unknown Source) ~[?:1.8.0_40]
	at sun.reflect.DelegatingMethodAccessorImpl.invoke(Unknown Source) ~[?:1.8.0_40]
	at java.lang.reflect.Method.invoke(Unknown Source) ~[?:1.8.0_40]
	at net.minecraft.launchwrapper.Launch.launch(Launch.java:135) [launchwrapper-1.11.jar:?]
	at net.minecraft.launchwrapper.Launch.main(Launch.java:28) [launchwrapper-1.11.jar:?]
	at net.minecraftforge.gradle.GradleStartCommon.launch(GradleStartCommon.java:85) [start/:?]
	at GradleStart.main(GradleStart.java:45) [start/:?]
[13:47:48] [Client thread/INFO]: Created: 256x256 textures/items-atlas
[13:47:48] [Client thread/INFO]: Reloading ResourceManager: Default, FMLFileResourcePack:Forge Mod Loader, FMLFileResourcePack:Minecraft Forge, FMLFileResourcePack:Terrific Tools
[13:47:50] [Client thread/INFO]: Created: 512x256 textures/blocks-atlas
[13:47:50] [Client thread/ERROR]: Using missing texture, unable to load minecraft:textures/items/MISSING_ICON_ITEM_4097_TestItem.png
java.io.FileNotFoundException: minecraft:textures/items/MISSING_ICON_ITEM_4097_TestItem.png
	at net.minecraft.client.resources.FallbackResourceManager.getResource(FallbackResourceManager.java:65) ~[FallbackResourceManager.class:?]
	at net.minecraft.client.resources.SimpleReloadableResourceManager.getResource(SimpleReloadableResourceManager.java:67) ~[SimpleReloadableResourceManager.class:?]
	at net.minecraft.client.renderer.texture.TextureMap.loadTextureAtlas(TextureMap.java:126) [TextureMap.class:?]
	at net.minecraft.client.renderer.texture.TextureMap.loadTexture(TextureMap.java:91) [TextureMap.class:?]
	at net.minecraft.client.renderer.texture.TextureManager.loadTexture(TextureManager.java:89) [TextureManager.class:?]
	at net.minecraft.client.renderer.texture.TextureManager.onResourceManagerReload(TextureManager.java:170) [TextureManager.class:?]
	at net.minecraft.client.resources.SimpleReloadableResourceManager.notifyReloadListeners(SimpleReloadableResourceManager.java:134) [SimpleReloadableResourceManager.class:?]
	at net.minecraft.client.resources.SimpleReloadableResourceManager.reloadResources(SimpleReloadableResourceManager.java:118) [SimpleReloadableResourceManager.class:?]
	at net.minecraft.client.Minecraft.refreshResources(Minecraft.java:643) [Minecraft.class:?]
	at cpw.mods.fml.client.FMLClientHandler.finishMinecraftLoading(FMLClientHandler.java:303) [FMLClientHandler.class:?]
	at net.minecraft.client.Minecraft.startGame(Minecraft.java:586) [Minecraft.class:?]
	at net.minecraft.client.Minecraft.run(Minecraft.java:931) [Minecraft.class:?]
	at net.minecraft.client.main.Main.main(Main.java:164) [Main.class:?]
	at sun.reflect.NativeMethodAccessorImpl.invoke0(Native Method) ~[?:1.8.0_40]
	at sun.reflect.NativeMethodAccessorImpl.invoke(Unknown Source) ~[?:1.8.0_40]
	at sun.reflect.DelegatingMethodAccessorImpl.invoke(Unknown Source) ~[?:1.8.0_40]
	at java.lang.reflect.Method.invoke(Unknown Source) ~[?:1.8.0_40]
	at net.minecraft.launchwrapper.Launch.launch(Launch.java:135) [launchwrapper-1.11.jar:?]
	at net.minecraft.launchwrapper.Launch.main(Launch.java:28) [launchwrapper-1.11.jar:?]
	at net.minecraftforge.gradle.GradleStartCommon.launch(GradleStartCommon.java:85) [start/:?]
	at GradleStart.main(GradleStart.java:45) [start/:?]
[13:47:50] [Client thread/INFO]: Created: 256x256 textures/items-atlas
[13:47:51] [Sound Library Loader/INFO]: Sound engine started
[13:48:30] [Server thread/INFO]: Starting integrated minecraft server version 1.7.10
[13:48:30] [Server thread/INFO]: Generating keypair
[13:48:31] [Server thread/INFO]: Preparing start region for level 0
[13:48:32] [Server thread/INFO]: Preparing spawn area: 15%
[13:48:33] [Server thread/INFO]: Preparing spawn area: 66%
[13:48:34] [Server thread/INFO]: Changing view distance to 8, from 10
[13:48:35] [Server thread/INFO]: Player743[local:E:73141440] logged in with entity id 464 at (239.94857748264548, 89.0, 267.71431669733045)
[13:48:35] [Server thread/INFO]: Player743 joined the game
[13:48:37] [pool-2-thread-1/WARN]: Couldn't look up profile properties for com.mojang.authlib.GameProfile@b3845b[id=9dc90764-797e-30c6-bac3-354c01806f0d,name=Player743,properties={},legacy=false]
com.mojang.authlib.exceptions.AuthenticationUnavailableException: Cannot contact authentication server
	at com.mojang.authlib.yggdrasil.YggdrasilAuthenticationService.makeRequest(YggdrasilAuthenticationService.java:71) ~[YggdrasilAuthenticationService.class:?]
	at com.mojang.authlib.yggdrasil.YggdrasilMinecraftSessionService.fillGameProfile(YggdrasilMinecraftSessionService.java:158) [YggdrasilMinecraftSessionService.class:?]
	at com.mojang.authlib.yggdrasil.YggdrasilMinecraftSessionService$1.load(YggdrasilMinecraftSessionService.java:53) [YggdrasilMinecraftSessionService$1.class:?]
	at com.mojang.authlib.yggdrasil.YggdrasilMinecraftSessionService$1.load(YggdrasilMinecraftSessionService.java:50) [YggdrasilMinecraftSessionService$1.class:?]
	at com.google.common.cache.LocalCache$LoadingValueReference.loadFuture(LocalCache.java:3524) [guava-17.0.jar:?]
	at com.google.common.cache.LocalCache$Segment.loadSync(LocalCache.java:2317) [guava-17.0.jar:?]
	at com.google.common.cache.LocalCache$Segment.lockedGetOrLoad(LocalCache.java:2280) [guava-17.0.jar:?]
	at com.google.common.cache.LocalCache$Segment.get(LocalCache.java:2195) [guava-17.0.jar:?]
	at com.google.common.cache.LocalCache.get(LocalCache.java:3934) [guava-17.0.jar:?]
	at com.google.common.cache.LocalCache.getOrLoad(LocalCache.java:3938) [guava-17.0.jar:?]
	at com.google.common.cache.LocalCache$LocalLoadingCache.get(LocalCache.java:4821) [guava-17.0.jar:?]
	at com.google.common.cache.LocalCache$LocalLoadingCache.getUnchecked(LocalCache.java:4827) [guava-17.0.jar:?]
	at com.mojang.authlib.yggdrasil.YggdrasilMinecraftSessionService.fillProfileProperties(YggdrasilMinecraftSessionService.java:148) [YggdrasilMinecraftSessionService.class:?]
	at net.minecraft.client.resources.SkinManager$3.run(SkinManager.java:133) [SkinManager$3.class:?]
	at java.util.concurrent.Executors$RunnableAdapter.call(Unknown Source) [?:1.8.0_40]
	at java.util.concurrent.FutureTask.run(Unknown Source) [?:1.8.0_40]
	at java.util.concurrent.ThreadPoolExecutor.runWorker(Unknown Source) [?:1.8.0_40]
	at java.util.concurrent.ThreadPoolExecutor$Worker.run(Unknown Source) [?:1.8.0_40]
	at java.lang.Thread.run(Unknown Source) [?:1.8.0_40]
Caused by: javax.net.ssl.SSLProtocolException: handshake alert:  unrecognized_name
	at sun.security.ssl.ClientHandshaker.handshakeAlert(Unknown Source) ~[?:1.8.0_40]
	at sun.security.ssl.SSLSocketImpl.recvAlert(Unknown Source) ~[?:1.8.0_40]
	at sun.security.ssl.SSLSocketImpl.readRecord(Unknown Source) ~[?:1.8.0_40]
	at sun.security.ssl.SSLSocketImpl.performInitialHandshake(Unknown Source) ~[?:1.8.0_40]
	at sun.security.ssl.SSLSocketImpl.startHandshake(Unknown Source) ~[?:1.8.0_40]
	at sun.security.ssl.SSLSocketImpl.startHandshake(Unknown Source) ~[?:1.8.0_40]
	at sun.net.www.protocol.https.HttpsClient.afterConnect(Unknown Source) ~[?:1.8.0_40]
	at sun.net.www.protocol.https.AbstractDelegateHttpsURLConnection.connect(Unknown Source) ~[?:1.8.0_40]
	at sun.net.www.protocol.http.HttpURLConnection.getInputStream0(Unknown Source) ~[?:1.8.0_40]
	at sun.net.www.protocol.http.HttpURLConnection.access$200(Unknown Source) ~[?:1.8.0_40]
	at sun.net.www.protocol.http.HttpURLConnection$9.run(Unknown Source) ~[?:1.8.0_40]
	at sun.net.www.protocol.http.HttpURLConnection$9.run(Unknown Source) ~[?:1.8.0_40]
	at java.security.AccessController.doPrivileged(Native Method) ~[?:1.8.0_40]
	at java.security.AccessController.doPrivileged(Unknown Source) ~[?:1.8.0_40]
	at sun.net.www.protocol.http.HttpURLConnection.getInputStream(Unknown Source) ~[?:1.8.0_40]
	at sun.net.www.protocol.https.HttpsURLConnectionImpl.getInputStream(Unknown Source) ~[?:1.8.0_40]
	at com.mojang.authlib.HttpAuthenticationService.performGetRequest(HttpAuthenticationService.java:126) ~[HttpAuthenticationService.class:?]
	at com.mojang.authlib.yggdrasil.YggdrasilAuthenticationService.makeRequest(YggdrasilAuthenticationService.java:54) ~[YggdrasilAuthenticationService.class:?]
	... 18 more
[13:48:46] [Server thread/INFO]: [Player743: Set own game mode to Creative Mode]
[13:48:46] [Client thread/INFO]: [CHAT] Your game mode has been updated
[13:48:50] [Server thread/INFO]: [Player743: Set own game mode to Adventure Mode]
[13:48:50] [Client thread/INFO]: [CHAT] Your game mode has been updated
[13:49:02] [Client thread/INFO]: [CHAT] commandBlockOutput, doDaylightCycle, doFireTick, doMobLoot, doMobSpawning, doTileDrops, keepInventory, mobGriefing, naturalRegeneration
[13:49:03] [Client thread/INFO]: [CHAT] commandBlockOutput, doDaylightCycle, doFireTick, doMobLoot, doMobSpawning, doTileDrops, keepInventory, mobGriefing, naturalRegeneration
[13:49:06] [Server thread/INFO]: [Player743: Game rule has been updated]
[13:49:06] [Client thread/INFO]: [CHAT] Game rule has been updated
[13:49:53] [Server thread/INFO]: Saving and pausing game...
[13:49:53] [Server thread/INFO]: Saving chunks for level 'test World'/Overworld
[13:49:53] [Server thread/INFO]: Saving chunks for level 'test World'/Nether
[13:49:53] [Server thread/INFO]: Saving chunks for level 'test World'/The End
[13:49:54] [Server thread/INFO]: Stopping server
[13:49:54] [Server thread/INFO]: Saving players
[13:49:54] [Server thread/INFO]: Saving worlds
[13:49:54] [Server thread/INFO]: Saving chunks for level 'test World'/Overworld
[13:49:54] [Server thread/INFO]: Saving chunks for level 'test World'/Nether
[13:49:54] [Server thread/INFO]: Saving chunks for level 'test World'/The End
[13:49:55] [Client thread/INFO]: Stopping!
[14:28:54] [main/INFO]: Setting user: Player543
[14:28:55] [Client thread/INFO]: LWJGL Version: 2.9.1
[14:28:56] [Client thread/ERROR]: Couldn't initialize twitch stream
[14:29:02] [Client thread/INFO]: Reloading ResourceManager: Default, FMLFileResourcePack:Forge Mod Loader, FMLFileResourcePack:Minecraft Forge, FMLFileResourcePack:Terrific Tools
[14:29:03] [Sound Library Loader/INFO]: Sound engine started
[14:29:07] [Client thread/INFO]: Created: 512x256 textures/blocks-atlas
[14:29:07] [Client thread/ERROR]: Using missing texture, unable to load minecraft:textures/items/MISSING_ICON_ITEM_4097_TestItem.png
java.io.FileNotFoundException: minecraft:textures/items/MISSING_ICON_ITEM_4097_TestItem.png
	at net.minecraft.client.resources.FallbackResourceManager.getResource(FallbackResourceManager.java:65) ~[FallbackResourceManager.class:?]
	at net.minecraft.client.resources.SimpleReloadableResourceManager.getResource(SimpleReloadableResourceManager.java:67) ~[SimpleReloadableResourceManager.class:?]
	at net.minecraft.client.renderer.texture.TextureMap.loadTextureAtlas(TextureMap.java:126) [TextureMap.class:?]
	at net.minecraft.client.renderer.texture.TextureMap.loadTexture(TextureMap.java:91) [TextureMap.class:?]
	at net.minecraft.client.renderer.texture.TextureManager.loadTexture(TextureManager.java:89) [TextureManager.class:?]
	at net.minecraft.client.renderer.texture.TextureManager.loadTickableTexture(TextureManager.java:71) [TextureManager.class:?]
	at net.minecraft.client.renderer.texture.TextureManager.loadTextureMap(TextureManager.java:58) [TextureManager.class:?]
	at net.minecraft.client.Minecraft.startGame(Minecraft.java:583) [Minecraft.class:?]
	at net.minecraft.client.Minecraft.run(Minecraft.java:931) [Minecraft.class:?]
	at net.minecraft.client.main.Main.main(Main.java:164) [Main.class:?]
	at sun.reflect.NativeMethodAccessorImpl.invoke0(Native Method) ~[?:1.8.0_40]
	at sun.reflect.NativeMethodAccessorImpl.invoke(Unknown Source) ~[?:1.8.0_40]
	at sun.reflect.DelegatingMethodAccessorImpl.invoke(Unknown Source) ~[?:1.8.0_40]
	at java.lang.reflect.Method.invoke(Unknown Source) ~[?:1.8.0_40]
	at net.minecraft.launchwrapper.Launch.launch(Launch.java:135) [launchwrapper-1.11.jar:?]
	at net.minecraft.launchwrapper.Launch.main(Launch.java:28) [launchwrapper-1.11.jar:?]
	at net.minecraftforge.gradle.GradleStartCommon.launch(GradleStartCommon.java:85) [start/:?]
	at GradleStart.main(GradleStart.java:45) [start/:?]
[14:29:08] [Client thread/INFO]: Created: 256x256 textures/items-atlas
[14:29:08] [Client thread/INFO]: Reloading ResourceManager: Default, FMLFileResourcePack:Forge Mod Loader, FMLFileResourcePack:Minecraft Forge, FMLFileResourcePack:Terrific Tools
[14:29:09] [Client thread/INFO]: Created: 512x256 textures/blocks-atlas
[14:29:10] [Client thread/ERROR]: Using missing texture, unable to load minecraft:textures/items/MISSING_ICON_ITEM_4097_TestItem.png
java.io.FileNotFoundException: minecraft:textures/items/MISSING_ICON_ITEM_4097_TestItem.png
	at net.minecraft.client.resources.FallbackResourceManager.getResource(FallbackResourceManager.java:65) ~[FallbackResourceManager.class:?]
	at net.minecraft.client.resources.SimpleReloadableResourceManager.getResource(SimpleReloadableResourceManager.java:67) ~[SimpleReloadableResourceManager.class:?]
	at net.minecraft.client.renderer.texture.TextureMap.loadTextureAtlas(TextureMap.java:126) [TextureMap.class:?]
	at net.minecraft.client.renderer.texture.TextureMap.loadTexture(TextureMap.java:91) [TextureMap.class:?]
	at net.minecraft.client.renderer.texture.TextureManager.loadTexture(TextureManager.java:89) [TextureManager.class:?]
	at net.minecraft.client.renderer.texture.TextureManager.onResourceManagerReload(TextureManager.java:170) [TextureManager.class:?]
	at net.minecraft.client.resources.SimpleReloadableResourceManager.notifyReloadListeners(SimpleReloadableResourceManager.java:134) [SimpleReloadableResourceManager.class:?]
	at net.minecraft.client.resources.SimpleReloadableResourceManager.reloadResources(SimpleReloadableResourceManager.java:118) [SimpleReloadableResourceManager.class:?]
	at net.minecraft.client.Minecraft.refreshResources(Minecraft.java:643) [Minecraft.class:?]
	at cpw.mods.fml.client.FMLClientHandler.finishMinecraftLoading(FMLClientHandler.java:303) [FMLClientHandler.class:?]
	at net.minecraft.client.Minecraft.startGame(Minecraft.java:586) [Minecraft.class:?]
	at net.minecraft.client.Minecraft.run(Minecraft.java:931) [Minecraft.class:?]
	at net.minecraft.client.main.Main.main(Main.java:164) [Main.class:?]
	at sun.reflect.NativeMethodAccessorImpl.invoke0(Native Method) ~[?:1.8.0_40]
	at sun.reflect.NativeMethodAccessorImpl.invoke(Unknown Source) ~[?:1.8.0_40]
	at sun.reflect.DelegatingMethodAccessorImpl.invoke(Unknown Source) ~[?:1.8.0_40]
	at java.lang.reflect.Method.invoke(Unknown Source) ~[?:1.8.0_40]
	at net.minecraft.launchwrapper.Launch.launch(Launch.java:135) [launchwrapper-1.11.jar:?]
	at net.minecraft.launchwrapper.Launch.main(Launch.java:28) [launchwrapper-1.11.jar:?]
	at net.minecraftforge.gradle.GradleStartCommon.launch(GradleStartCommon.java:85) [start/:?]
	at GradleStart.main(GradleStart.java:45) [start/:?]
[14:29:10] [Client thread/INFO]: Created: 256x256 textures/items-atlas
[14:29:11] [Sound Library Loader/INFO]: Sound engine started
[14:29:33] [Server thread/INFO]: Starting integrated minecraft server version 1.7.10
[14:29:33] [Server thread/INFO]: Generating keypair
[14:29:34] [Server thread/INFO]: Preparing start region for level 0
[14:29:35] [Server thread/INFO]: Preparing spawn area: 24%
[14:29:36] [Server thread/INFO]: Preparing spawn area: 76%
[14:29:37] [Server thread/INFO]: Changing view distance to 8, from 10
[14:29:38] [Server thread/INFO]: Player543[local:E:776dc171] logged in with entity id 449 at (247.32769443099056, 89.0, 267.4516931929219)
[14:29:38] [Server thread/INFO]: Player543 joined the game
[14:29:58] [Server thread/INFO]: Saving and pausing game...
[14:29:58] [Server thread/INFO]: Saving chunks for level 'test World'/Overworld
[14:29:59] [Server thread/INFO]: Saving chunks for level 'test World'/Nether
[14:29:59] [Server thread/INFO]: Saving chunks for level 'test World'/The End
[14:29:59] [Server thread/INFO]: Stopping server
[14:29:59] [Server thread/INFO]: Saving players
[14:29:59] [Server thread/INFO]: Saving worlds
[14:29:59] [Server thread/INFO]: Saving chunks for level 'test World'/Overworld
[14:29:59] [Server thread/INFO]: Saving chunks for level 'test World'/Nether
[14:29:59] [Server thread/INFO]: Saving chunks for level 'test World'/The End
[14:30:00] [Client thread/INFO]: Stopping!
