[20:23:16] [main/INFO]: Setting user: Player171
[20:23:18] [Client thread/INFO]: LWJGL Version: 2.9.1
[20:23:19] [Client thread/ERROR]: Couldn't initialize twitch stream
[20:23:24] [Client thread/INFO]: Reloading ResourceManager: Default, FMLFileResourcePack:Forge Mod Loader, FMLFileResourcePack:Minecraft Forge, FMLFileResourcePack:Terrific Tools
[20:23:25] [Sound Library Loader/INFO]: Sound engine started
[20:23:28] [Client thread/INFO]: Created: 512x256 textures/blocks-atlas
[20:23:28] [Client thread/INFO]: Created: 256x256 textures/items-atlas
[20:23:29] [Client thread/INFO]: Reloading ResourceManager: Default, FMLFileResourcePack:Forge Mod Loader, FMLFileResourcePack:Minecraft Forge, FMLFileResourcePack:Terrific Tools
[20:23:29] [Client thread/INFO]: Created: 512x256 textures/blocks-atlas
[20:23:29] [Client thread/INFO]: Created: 256x256 textures/items-atlas
[20:23:30] [Sound Library Loader/INFO]: Sound engine started
[20:23:35] [Server thread/INFO]: Starting integrated minecraft server version 1.7.10
[20:23:35] [Server thread/INFO]: Generating keypair
[20:23:36] [Server thread/INFO]: Preparing start region for level 0
[20:23:37] [Server thread/INFO]: Preparing spawn area: 21%
[20:23:38] [Server thread/INFO]: Preparing spawn area: 68%
[20:23:39] [Server thread/INFO]: Changing view distance to 8, from 10
[20:23:40] [Server thread/INFO]: Player171[local:E:226c9206] logged in with entity id 368 at (244.68923800997436, 81.0, 264.6872266116445)
[20:23:40] [Server thread/INFO]: Player171 joined the game
[20:24:36] [Server thread/INFO]: Saving and pausing game...
[20:24:36] [Server thread/INFO]: Saving chunks for level 'test World'/Overworld
[20:24:37] [Server thread/INFO]: Saving chunks for level 'test World'/Nether
[20:24:37] [Server thread/INFO]: Saving chunks for level 'test World'/The End
[20:36:06] [main/INFO]: Setting user: Player797
[20:36:09] [Client thread/INFO]: LWJGL Version: 2.9.1
[20:36:09] [Client thread/ERROR]: Couldn't initialize twitch stream
[20:36:16] [Client thread/INFO]: Reloading ResourceManager: Default, FMLFileResourcePack:Forge Mod Loader, FMLFileResourcePack:Minecraft Forge, FMLFileResourcePack:Terrific Tools
[20:36:18] [Sound Library Loader/INFO]: Sound engine started
[20:36:22] [Client thread/INFO]: Created: 512x256 textures/blocks-atlas
[20:36:22] [Client thread/INFO]: Created: 256x256 textures/items-atlas
[20:36:23] [Client thread/INFO]: Reloading ResourceManager: Default, FMLFileResourcePack:Forge Mod Loader, FMLFileResourcePack:Minecraft Forge, FMLFileResourcePack:Terrific Tools
[20:36:23] [Client thread/INFO]: Created: 512x256 textures/blocks-atlas
[20:36:23] [Client thread/INFO]: Created: 256x256 textures/items-atlas
[20:36:24] [Sound Library Loader/INFO]: Sound engine started
[20:36:42] [Server thread/INFO]: Starting integrated minecraft server version 1.7.10
[20:36:42] [Server thread/INFO]: Generating keypair
[20:36:44] [Server thread/INFO]: Preparing start region for level 0
[20:36:45] [Server thread/INFO]: Preparing spawn area: 14%
[20:36:46] [Server thread/INFO]: Preparing spawn area: 54%
[20:36:47] [Server thread/INFO]: Preparing spawn area: 99%
[20:36:47] [Server thread/INFO]: Changing view distance to 8, from 10
[20:36:48] [Server thread/INFO]: Player797[local:E:1ed25543] logged in with entity id 377 at (244.19947972397614, 80.0, 266.4695118668783)
[20:36:48] [Server thread/INFO]: Player797 joined the game
[20:36:50] [Server thread/INFO]: Saving and pausing game...
[20:36:50] [Server thread/INFO]: Saving chunks for level 'test World'/Overworld
[20:36:51] [Server thread/INFO]: Saving chunks for level 'test World'/Nether
[20:36:51] [Server thread/INFO]: Saving chunks for level 'test World'/The End
[20:38:26] [Server thread/INFO]: Saving and pausing game...
[20:38:26] [Server thread/INFO]: Saving chunks for level 'test World'/Overworld
[20:38:26] [Server thread/INFO]: Saving chunks for level 'test World'/Nether
[20:38:26] [Server thread/INFO]: Saving chunks for level 'test World'/The End
[20:48:36] [Server thread/WARN]: Can't keep up! Did the system time change, or is the server overloaded? Running 4002ms behind, skipping 80 tick(s)
[20:54:28] [Server thread/WARN]: Can't keep up! Did the system time change, or is the server overloaded? Running 3368ms behind, skipping 67 tick(s)
[20:55:34] [Server thread/WARN]: Can't keep up! Did the system time change, or is the server overloaded? Running 5367ms behind, skipping 107 tick(s)
[20:55:58] [Server thread/WARN]: Can't keep up! Did the system time change, or is the server overloaded? Running 3818ms behind, skipping 76 tick(s)
[20:56:22] [Server thread/WARN]: Can't keep up! Did the system time change, or is the server overloaded? Running 4554ms behind, skipping 91 tick(s)
[20:56:40] [Server thread/WARN]: Can't keep up! Did the system time change, or is the server overloaded? Running 5784ms behind, skipping 115 tick(s)
[20:57:12] [Server thread/WARN]: Can't keep up! Did the system time change, or is the server overloaded? Running 4180ms behind, skipping 83 tick(s)
[20:57:31] [Server thread/WARN]: Can't keep up! Did the system time change, or is the server overloaded? Running 6045ms behind, skipping 120 tick(s)
[20:57:47] [Server thread/WARN]: Can't keep up! Did the system time change, or is the server overloaded? Running 2794ms behind, skipping 55 tick(s)
[20:58:18] [Server thread/WARN]: Can't keep up! Did the system time change, or is the server overloaded? Running 5927ms behind, skipping 118 tick(s)
[20:58:54] [Server thread/WARN]: Can't keep up! Did the system time change, or is the server overloaded? Running 5102ms behind, skipping 102 tick(s)
[20:59:18] [Server thread/WARN]: Can't keep up! Did the system time change, or is the server overloaded? Running 5831ms behind, skipping 116 tick(s)
[20:59:42] [Server thread/INFO]: Saving and pausing game...
[20:59:42] [Server thread/INFO]: Saving chunks for level 'test World'/Overworld
[20:59:42] [Server thread/INFO]: Saving chunks for level 'test World'/Nether
[20:59:42] [Server thread/INFO]: Saving chunks for level 'test World'/The End
[20:59:42] [Server thread/INFO]: Stopping server
[20:59:42] [Server thread/INFO]: Saving players
[20:59:42] [Server thread/INFO]: Saving worlds
[20:59:42] [Server thread/INFO]: Saving chunks for level 'test World'/Overworld
[20:59:42] [Server thread/INFO]: Saving chunks for level 'test World'/Nether
[20:59:42] [Server thread/INFO]: Saving chunks for level 'test World'/The End
[21:00:36] [main/INFO]: Setting user: Player906
[21:00:40] [Client thread/INFO]: LWJGL Version: 2.9.1
[21:00:42] [Client thread/ERROR]: Couldn't initialize twitch stream
[21:00:50] [Client thread/INFO]: Reloading ResourceManager: Default, FMLFileResourcePack:Forge Mod Loader, FMLFileResourcePack:Minecraft Forge, FMLFileResourcePack:Terrific Tools
[21:00:51] [Sound Library Loader/INFO]: Sound engine started
[21:00:56] [Client thread/INFO]: Created: 512x256 textures/blocks-atlas
[21:00:56] [Client thread/INFO]: Created: 256x256 textures/items-atlas
[21:00:57] [Client thread/INFO]: Reloading ResourceManager: Default, FMLFileResourcePack:Forge Mod Loader, FMLFileResourcePack:Minecraft Forge, FMLFileResourcePack:Terrific Tools
[21:00:57] [Client thread/INFO]: Created: 512x256 textures/blocks-atlas
[21:00:58] [Client thread/INFO]: Created: 256x256 textures/items-atlas
[21:00:59] [Sound Library Loader/INFO]: Sound engine started
[21:01:06] [Server thread/INFO]: Starting integrated minecraft server version 1.7.10
[21:01:06] [Server thread/INFO]: Generating keypair
[21:01:08] [Server thread/INFO]: Preparing start region for level 0
[21:01:09] [Server thread/INFO]: Preparing spawn area: 5%
[21:01:10] [Server thread/INFO]: Preparing spawn area: 26%
[21:01:11] [Server thread/INFO]: Preparing spawn area: 53%
[21:01:12] [Server thread/INFO]: Preparing spawn area: 82%
[21:01:13] [Server thread/INFO]: Changing view distance to 8, from 10
[21:01:14] [Server thread/INFO]: Player906[local:E:971b7ec6] logged in with entity id 360 at (244.32914922553732, 81.0, 265.199561389172)
[21:01:14] [Server thread/INFO]: Player906 joined the game
[21:01:15] [Server thread/WARN]: Can't keep up! Did the system time change, or is the server overloaded? Running 2393ms behind, skipping 47 tick(s)
[21:01:17] [Server thread/INFO]: Saving and pausing game...
[21:01:17] [Server thread/INFO]: Saving chunks for level 'test World'/Overworld
[21:01:22] [Server thread/INFO]: Saving chunks for level 'test World'/Nether
[21:01:22] [Server thread/INFO]: Saving chunks for level 'test World'/The End
[21:01:37] [Server thread/INFO]: Player906 has just earned the achievement [Taking Inventory]
[21:01:37] [Client thread/INFO]: [CHAT] Player906 has just earned the achievement [Taking Inventory]
[21:02:21] [Server thread/INFO]: Saving and pausing game...
[21:02:21] [Server thread/INFO]: Saving chunks for level 'test World'/Overworld
[21:02:21] [Server thread/INFO]: Saving chunks for level 'test World'/Nether
[21:02:21] [Server thread/INFO]: Saving chunks for level 'test World'/The End
[21:02:21] [Server thread/INFO]: Stopping server
[21:02:21] [Server thread/INFO]: Saving players
[21:02:21] [Server thread/INFO]: Saving worlds
[21:02:21] [Server thread/INFO]: Saving chunks for level 'test World'/Overworld
[21:02:21] [Server thread/INFO]: Saving chunks for level 'test World'/Nether
[21:02:21] [Server thread/INFO]: Saving chunks for level 'test World'/The End
[21:07:08] [Client thread/INFO]: Stopping!
[21:12:22] [main/INFO]: Setting user: Player531
[21:12:26] [Client thread/INFO]: LWJGL Version: 2.9.1
[21:12:28] [Client thread/ERROR]: Couldn't initialize twitch stream
[21:12:37] [Client thread/INFO]: Reloading ResourceManager: Default, FMLFileResourcePack:Forge Mod Loader, FMLFileResourcePack:Minecraft Forge, FMLFileResourcePack:Terrific Tools
[21:12:38] [Sound Library Loader/INFO]: Sound engine started
[21:12:43] [Client thread/INFO]: Created: 512x256 textures/blocks-atlas
[21:12:43] [Client thread/INFO]: Created: 256x256 textures/items-atlas
[21:12:44] [Client thread/INFO]: Reloading ResourceManager: Default, FMLFileResourcePack:Forge Mod Loader, FMLFileResourcePack:Minecraft Forge, FMLFileResourcePack:Terrific Tools
[21:12:44] [Client thread/INFO]: Created: 512x256 textures/blocks-atlas
[21:12:45] [Client thread/INFO]: Created: 256x256 textures/items-atlas
[21:12:45] [Sound Library Loader/INFO]: Sound engine started
[21:13:54] [Server thread/INFO]: Starting integrated minecraft server version 1.7.10
[21:13:54] [Server thread/INFO]: Generating keypair
[21:13:55] [Server thread/INFO]: Preparing start region for level 0
[21:13:56] [Server thread/INFO]: Preparing spawn area: 5%
[21:13:57] [Server thread/INFO]: Preparing spawn area: 26%
[21:13:58] [Server thread/INFO]: Preparing spawn area: 50%
[21:13:59] [Server thread/INFO]: Preparing spawn area: 77%
[21:14:01] [Server thread/INFO]: Changing view distance to 8, from 10
[21:14:02] [Server thread/INFO]: Player531[local:E:52c6ecb5] logged in with entity id 375 at (244.28223547598137, 81.0, 264.26423692216895)
[21:14:02] [Server thread/INFO]: Player531 joined the game
[21:14:04] [Server thread/WARN]: Can't keep up! Did the system time change, or is the server overloaded? Running 2038ms behind, skipping 40 tick(s)
[21:14:17] [Server thread/INFO]: Saving and pausing game...
[21:14:17] [Server thread/INFO]: Saving chunks for level 'test World'/Overworld
[21:14:19] [Server thread/INFO]: Saving chunks for level 'test World'/Nether
[21:14:19] [Server thread/INFO]: Saving chunks for level 'test World'/The End
[21:14:19] [Server thread/INFO]: Stopping server
[21:14:19] [Server thread/INFO]: Saving players
[21:14:19] [Server thread/INFO]: Saving worlds
[21:14:19] [Server thread/INFO]: Saving chunks for level 'test World'/Overworld
[21:14:19] [Server thread/INFO]: Saving chunks for level 'test World'/Nether
[21:14:19] [Server thread/INFO]: Saving chunks for level 'test World'/The End
[21:26:22] [Client thread/INFO]: Stopping!
