[15:23:38] [main/INFO]: Setting user: Player779
[15:23:39] [Client thread/INFO]: LWJGL Version: 2.9.1
[15:23:40] [Client thread/ERROR]: Couldn't initialize twitch stream
[15:23:45] [Client thread/INFO]: Reloading ResourceManager: Default, FMLFileResourcePack:Forge Mod Loader, FMLFileResourcePack:Minecraft Forge, FMLFileResourcePack:Terrific Tools
[15:23:46] [Sound Library Loader/INFO]: Sound engine started
[15:23:49] [Client thread/INFO]: Created: 512x256 textures/blocks-atlas
[15:23:49] [Client thread/ERROR]: Using missing texture, unable to load minecraft:textures/items/MISSING_ICON_ITEM_4097_TestItem.png
java.io.FileNotFoundException: minecraft:textures/items/MISSING_ICON_ITEM_4097_TestItem.png
	at net.minecraft.client.resources.FallbackResourceManager.getResource(FallbackResourceManager.java:65) ~[FallbackResourceManager.class:?]
	at net.minecraft.client.resources.SimpleReloadableResourceManager.getResource(SimpleReloadableResourceManager.java:67) ~[SimpleReloadableResourceManager.class:?]
	at net.minecraft.client.renderer.texture.TextureMap.loadTextureAtlas(TextureMap.java:126) [TextureMap.class:?]
	at net.minecraft.client.renderer.texture.TextureMap.loadTexture(TextureMap.java:91) [TextureMap.class:?]
	at net.minecraft.client.renderer.texture.TextureManager.loadTexture(TextureManager.java:89) [TextureManager.class:?]
	at net.minecraft.client.renderer.texture.TextureManager.loadTickableTexture(TextureManager.java:71) [TextureManager.class:?]
	at net.minecraft.client.renderer.texture.TextureManager.loadTextureMap(TextureManager.java:58) [TextureManager.class:?]
	at net.minecraft.client.Minecraft.startGame(Minecraft.java:583) [Minecraft.class:?]
	at net.minecraft.client.Minecraft.run(Minecraft.java:931) [Minecraft.class:?]
	at net.minecraft.client.main.Main.main(Main.java:164) [Main.class:?]
	at sun.reflect.NativeMethodAccessorImpl.invoke0(Native Method) ~[?:1.8.0_40]
	at sun.reflect.NativeMethodAccessorImpl.invoke(Unknown Source) ~[?:1.8.0_40]
	at sun.reflect.DelegatingMethodAccessorImpl.invoke(Unknown Source) ~[?:1.8.0_40]
	at java.lang.reflect.Method.invoke(Unknown Source) ~[?:1.8.0_40]
	at net.minecraft.launchwrapper.Launch.launch(Launch.java:135) [launchwrapper-1.11.jar:?]
	at net.minecraft.launchwrapper.Launch.main(Launch.java:28) [launchwrapper-1.11.jar:?]
	at net.minecraftforge.gradle.GradleStartCommon.launch(GradleStartCommon.java:85) [start/:?]
	at GradleStart.main(GradleStart.java:45) [start/:?]
[15:23:49] [Client thread/INFO]: Created: 256x256 textures/items-atlas
[15:23:49] [Client thread/INFO]: Reloading ResourceManager: Default, FMLFileResourcePack:Forge Mod Loader, FMLFileResourcePack:Minecraft Forge, FMLFileResourcePack:Terrific Tools
[15:23:50] [Client thread/INFO]: Created: 512x256 textures/blocks-atlas
[15:23:51] [Client thread/ERROR]: Using missing texture, unable to load minecraft:textures/items/MISSING_ICON_ITEM_4097_TestItem.png
java.io.FileNotFoundException: minecraft:textures/items/MISSING_ICON_ITEM_4097_TestItem.png
	at net.minecraft.client.resources.FallbackResourceManager.getResource(FallbackResourceManager.java:65) ~[FallbackResourceManager.class:?]
	at net.minecraft.client.resources.SimpleReloadableResourceManager.getResource(SimpleReloadableResourceManager.java:67) ~[SimpleReloadableResourceManager.class:?]
	at net.minecraft.client.renderer.texture.TextureMap.loadTextureAtlas(TextureMap.java:126) [TextureMap.class:?]
	at net.minecraft.client.renderer.texture.TextureMap.loadTexture(TextureMap.java:91) [TextureMap.class:?]
	at net.minecraft.client.renderer.texture.TextureManager.loadTexture(TextureManager.java:89) [TextureManager.class:?]
	at net.minecraft.client.renderer.texture.TextureManager.onResourceManagerReload(TextureManager.java:170) [TextureManager.class:?]
	at net.minecraft.client.resources.SimpleReloadableResourceManager.notifyReloadListeners(SimpleReloadableResourceManager.java:134) [SimpleReloadableResourceManager.class:?]
	at net.minecraft.client.resources.SimpleReloadableResourceManager.reloadResources(SimpleReloadableResourceManager.java:118) [SimpleReloadableResourceManager.class:?]
	at net.minecraft.client.Minecraft.refreshResources(Minecraft.java:643) [Minecraft.class:?]
	at cpw.mods.fml.client.FMLClientHandler.finishMinecraftLoading(FMLClientHandler.java:303) [FMLClientHandler.class:?]
	at net.minecraft.client.Minecraft.startGame(Minecraft.java:586) [Minecraft.class:?]
	at net.minecraft.client.Minecraft.run(Minecraft.java:931) [Minecraft.class:?]
	at net.minecraft.client.main.Main.main(Main.java:164) [Main.class:?]
	at sun.reflect.NativeMethodAccessorImpl.invoke0(Native Method) ~[?:1.8.0_40]
	at sun.reflect.NativeMethodAccessorImpl.invoke(Unknown Source) ~[?:1.8.0_40]
	at sun.reflect.DelegatingMethodAccessorImpl.invoke(Unknown Source) ~[?:1.8.0_40]
	at java.lang.reflect.Method.invoke(Unknown Source) ~[?:1.8.0_40]
	at net.minecraft.launchwrapper.Launch.launch(Launch.java:135) [launchwrapper-1.11.jar:?]
	at net.minecraft.launchwrapper.Launch.main(Launch.java:28) [launchwrapper-1.11.jar:?]
	at net.minecraftforge.gradle.GradleStartCommon.launch(GradleStartCommon.java:85) [start/:?]
	at GradleStart.main(GradleStart.java:45) [start/:?]
[15:23:51] [Client thread/INFO]: Created: 256x256 textures/items-atlas
[15:23:52] [Sound Library Loader/INFO]: Sound engine started
[15:24:55] [Server thread/INFO]: Starting integrated minecraft server version 1.7.10
[15:24:55] [Server thread/INFO]: Generating keypair
[15:24:56] [Server thread/INFO]: Preparing start region for level 0
[15:24:57] [Server thread/INFO]: Preparing spawn area: 28%
[15:24:58] [Server thread/INFO]: Preparing spawn area: 98%
[15:24:58] [Server thread/INFO]: Changing view distance to 8, from 10
[15:24:59] [Server thread/INFO]: Player779[local:E:937e2b24] logged in with entity id 673 at (242.54286990283356, 86.0, 264.3347401253745)
[15:24:59] [Server thread/INFO]: Player779 joined the game
[15:26:58] [Client thread/WARN]: Unable to play unknown soundEvent: minecraft:mob.witch.idle
[15:27:02] [Client thread/WARN]: Unable to play unknown soundEvent: minecraft:mob.witch.idle
[15:28:55] [Server thread/INFO]: Player779 has just earned the achievement [Taking Inventory]
[15:28:55] [Client thread/INFO]: [CHAT] Player779 has just earned the achievement [Taking Inventory]
[15:30:00] [Server thread/INFO]: Saving and pausing game...
[15:30:00] [Server thread/INFO]: Saving chunks for level 'test World'/Overworld
[15:30:00] [Server thread/INFO]: Saving chunks for level 'test World'/Nether
[15:30:00] [Server thread/INFO]: Saving chunks for level 'test World'/The End
[15:30:01] [Server thread/INFO]: Stopping server
[15:30:01] [Server thread/INFO]: Saving players
[15:30:01] [Server thread/INFO]: Saving worlds
[15:30:01] [Server thread/INFO]: Saving chunks for level 'test World'/Overworld
[15:30:01] [Server thread/INFO]: Saving chunks for level 'test World'/Nether
[15:30:01] [Server thread/INFO]: Saving chunks for level 'test World'/The End
[15:30:05] [Server thread/INFO]: Starting integrated minecraft server version 1.7.10
[15:30:05] [Server thread/INFO]: Generating keypair
[15:30:06] [Server thread/INFO]: Preparing start region for level 0
[15:30:07] [Server thread/INFO]: Preparing spawn area: 68%
[15:30:07] [Server thread/INFO]: Changing view distance to 8, from 10
[15:30:07] [Server thread/INFO]: Player779[local:E:a8093aa6] logged in with entity id 87629 at (240.83746605993008, 80.0, 266.4522896827824)
[15:30:07] [Server thread/INFO]: Player779 joined the game
[15:30:15] [Server thread/INFO]: [Player779: Set own game mode to Survival Mode]
[15:30:15] [Client thread/INFO]: [CHAT] Your game mode has been updated
[15:30:51] [Server thread/INFO]: [Player779: Set own game mode to Creative Mode]
[15:30:51] [Client thread/INFO]: [CHAT] Your game mode has been updated
[15:30:57] [Server thread/INFO]: [Player779: Set own game mode to Survival Mode]
[15:30:57] [Client thread/INFO]: [CHAT] Your game mode has been updated
[15:30:57] [Server thread/INFO]: Player779 fell from a high place
[15:30:57] [Client thread/INFO]: [CHAT] Player779 fell from a high place
[15:31:04] [Server thread/INFO]: [Player779: Set own game mode to Creative Mode]
[15:31:04] [Client thread/INFO]: [CHAT] Your game mode has been updated
[15:31:14] [Server thread/INFO]: [Player779: Given [Explosive Bow] * 1 to Player779]
[15:31:15] [Client thread/INFO]: [CHAT] Given [Explosive Bow] * 1 to Player779
[15:31:41] [Client thread/INFO]: [CHAT] /gamemode, /gamerule
[15:31:42] [Client thread/INFO]: [CHAT] /gamemode, /gamerule
[15:32:43] [Server thread/INFO]: Saving and pausing game...
[15:32:43] [Server thread/INFO]: Saving chunks for level 'test World'/Overworld
[15:32:44] [Server thread/INFO]: Saving chunks for level 'test World'/Nether
[15:32:44] [Server thread/INFO]: Saving chunks for level 'test World'/The End
[15:32:44] [Server thread/INFO]: Stopping server
[15:32:44] [Server thread/INFO]: Saving players
[15:32:44] [Server thread/INFO]: Saving worlds
[15:32:44] [Server thread/INFO]: Saving chunks for level 'test World'/Overworld
[15:32:44] [Server thread/INFO]: Saving chunks for level 'test World'/Nether
[15:32:44] [Server thread/INFO]: Saving chunks for level 'test World'/The End
[15:32:46] [Client thread/INFO]: Stopping!
